
ROM used: 1235 (15%)
          1235 (15%) including unused fragments

          2 Average locations per line
          13 Average locations per statement

RAM used: 14 (4%) at main() level
          36 (10%) worst case

Stack used: 5 worst case (out of 8 total available)

Lines Stmts  %   Files
----- ----- ---  -----
   56    32  34  temperatura.c
  312     0   0  ..\..\..\..\..\Program Files\PICC\devices\16f877a.h
  178    63  66  ..\..\..\..\..\Program Files\PICC\drivers\lcd.c
----- -----
  546    95 Total

Page ROM  %  RAM   Vol Diff  Functions:
---- --- --- ---   --- ----  ----------
0     21   2   1             @delay_ms1
0      8   1   0             @const55
 Inline        3   463  4.3  lcd_read_byte
0     12   1   1   134  2.2  lcd_send_nibble
0     58   5   3   317  4.3  lcd_send_byte
0     42   3   2   422  4.7  lcd_init
0     18   1   4   186  5.5  lcd_gotoxy
0     37   3   1   272  4.1  lcd_putc
0    255  21   4   983  5.8  MAIN
0     16   1   0             @const84
0     31   3   2             @ITOF
0    204  17  14             @DIVFF
 Inline       13             @MULFF
 Inline        5             @FTOSD
0     66   5  13             @DIV3232
0    348  28  13             @PRINTF_L32D_75FPFPF
0     11   1   0             @const102
0     63   5  10             @FLT
0     20   2   0             @const106
0     21   2   0             @const107

Program metrics:
    Functions               7
    Statements              95
    Comments                130
    Volume (V)              4107
    Difficilty (D)          29.3
    Effort to implement (E) 120275
    Time to implement (T)   1 hours, 51 minutes
    Est Delivered Bugs (B)  1
    Cyclomatic Complexity   8
    Maintainability (MI)    114

 Segment     Used  Free
-----------  ----  ----
00000-00003     4  0  
00004-007FF  1231  813  
00800-00FFF     0  2048  
01000-017FF     0  2048  
01800-01FFF     0  2048  



