
ROM used: 191 (2%)
          191 (2%) including unused fragments

          1 Average locations per line
          64 Average locations per statement

RAM used: 8 (2%) at main() level
          9 (2%) worst case

Stack used: 1 worst case (out of 8 total available)

Lines Stmts  %   Files
----- ----- ---  -----
   14     3 100  printf.c
  312     0   0  ..\..\..\..\..\Program Files\PICC\devices\16f877a.h
----- -----
  326     3 Total

Page ROM  %  RAM   Vol Diff  Functions:
---- --- --- ---   --- ----  ----------
0     23  12   1             @delay_ms1
0     36  19   1   456  2.8  @PUTCHAR_1_
0     50  26   1    50  1.0  main
0     18   9   0             @const57
0     60  31   0             @const58

Program metrics:
    Functions               2
    Statements              3
    Comments                74
    Volume (V)              573
    Difficilty (D)          3.8
    Effort to implement (E) 2174
    Time to implement (T)   2 minutes
    Est Delivered Bugs (B)  0
    Cyclomatic Complexity   2
    Maintainability (MI)    135

 Segment     Used  Free
-----------  ----  ----
00000-00003     4  0  
00004-007FF   187  1857  
00800-00FFF     0  2048  
01000-017FF     0  2048  
01800-01FFF     0  2048  



