
ROM used: 126 (2%)
          126 (2%) including unused fragments

          0 Average locations per line
          6 Average locations per statement

RAM used: 7 (2%) at main() level
          7 (2%) worst case

Stack used: 0 worst case (out of 8 total available)

Lines Stmts  %   Files
----- ----- ---  -----
   33    22 100  input.c
  312     0   0  ..\..\..\..\..\Program Files\PICC\devices\16f877a.h
----- -----
  345    22 Total

Page ROM  %  RAM   Vol Diff  Functions:
---- --- --- ---   --- ----  ----------
0    122  97   0   456  2.8  main

Program metrics:
    Functions               1
    Statements              22
    Comments                74
    Volume (V)              456
    Difficilty (D)          2.8
    Effort to implement (E) 1297
    Time to implement (T)   1 minutes
    Est Delivered Bugs (B)  0
    Cyclomatic Complexity   2
    Maintainability (MI)    123

 Segment     Used  Free
-----------  ----  ----
00000-00003     4  0  
00004-007FF   122  1922  
00800-00FFF     0  2048  
01000-017FF     0  2048  
01800-01FFF     0  2048  



