
ROM used: 392 (5%)
          392 (5%) including unused fragments

          1 Average locations per line
          4 Average locations per statement

RAM used: 7 (2%) at main() level
          17 (5%) worst case

Stack used: 3 worst case (out of 8 total available)

Lines Stmts  %   Files
----- ----- ---  -----
   38    25  28  LCD.c
  312     0   0  ..\..\..\..\..\Program Files\PICC\devices\16f877a.h
  178    63  72  ..\..\..\..\..\Program Files\PICC\drivers\LCD.c
----- -----
  528    88 Total

Page ROM  %  RAM   Vol Diff  Functions:
---- --- --- ---   --- ----  ----------
0     21   5   1             @delay_ms1
0      8   2   0             @const55
 Inline        3   463  4.3  lcd_read_byte
0     12   3   1   134  2.2  lcd_send_nibble
0     58  15   3   317  4.3  lcd_send_byte
0     42  11   2   422  4.7  lcd_init
 Inline        4   186  5.5  lcd_gotoxy
0     53  14   1   272  4.1  lcd_putc
0    120  31   1   542  2.8  MAIN
0     23   6   0             @const83
0     17   4   0             @const84
0     17   4   0             @const85
0     17   4   0             @const86

Program metrics:
    Functions               7
    Statements              88
    Comments                125
    Volume (V)              3541
    Difficilty (D)          27.0
    Effort to implement (E) 95758
    Time to implement (T)   1 hours, 29 minutes
    Est Delivered Bugs (B)  1
    Cyclomatic Complexity   10
    Maintainability (MI)    110

 Segment     Used  Free
-----------  ----  ----
00000-00003     4  0  
00004-007FF   388  1656  
00800-00FFF     0  2048  
01000-017FF     0  2048  
01800-01FFF     0  2048  



