
ROM used: 280 (3%)
          280 (3%) including unused fragments

          1 Average locations per line
          7 Average locations per statement

RAM used: 8 (2%) at main() level
          9 (2%) worst case

Stack used: 1 worst case (out of 8 total available)

Lines Stmts  %   Files
----- ----- ---  -----
   62    43 100  encender LEDS.c
    7     0   0  encender LEDS.h
  312     0   0  ..\..\..\..\Program Files\PICC\devices\16F877A.h
----- -----
  381    43 Total

Page ROM  %  RAM   Vol Diff  Functions:
---- --- --- ---   --- ----  ----------
0     21   8   1             @delay_ms1
0    255  91   1  1154  2.9  main

Program metrics:
    Functions               1
    Statements              43
    Comments                90
    Volume (V)              1156
    Difficilty (D)          2.9
    Effort to implement (E) 3352
    Time to implement (T)   3 minutes
    Est Delivered Bugs (B)  0
    Cyclomatic Complexity   1
    Maintainability (MI)    116

 Segment     Used  Free
-----------  ----  ----
00000-00003     4  0  
00004-007FF   276  1768  
00800-00FFF     0  2048  
01000-017FF     0  2048  
01800-01FFF     0  2048  



